<?xml version="1.0" encoding="UTF-8"?>
<!-- Generated by org.testng.reporters.JUnitReportReporter -->
<testsuite skipped="0" hostname="ashikpsl" name="com.ashik.sqa.tests.UploadAndDownloadTest" tests="3" failures="0" timestamp="2023-12-06T13:18:31 BDT" time="16.658" errors="0">
  <testcase name="navigateToPage" time="15.462" classname="com.ashik.sqa.tests.UploadAndDownloadTest"/>
  <system-out/>
  <testcase name="downloadImage" time="0.095" classname="com.ashik.sqa.tests.UploadAndDownloadTest"/>
  <system-out/>
  <testcase name="uploadFile" time="1.101" classname="com.ashik.sqa.tests.UploadAndDownloadTest"/>
  <system-out/>
</testsuite> <!-- com.ashik.sqa.tests.UploadAndDownloadTest -->
