<?xml version="1.0" encoding="UTF-8"?>
<!-- Generated by org.testng.reporters.JUnitReportReporter -->
<testsuite hostname="ashikpsl" failures="0" tests="1" name="com.ashik.sqa.tests.samples.BannerTest" time="1.326" errors="0" timestamp="2023-11-26T12:22:44 BDT" skipped="0">
  <testcase classname="com.ashik.sqa.tests.samples.BannerTest" name="DriverFromFactoryTest" time="1.326"/>
</testsuite> <!-- com.ashik.sqa.tests.samples.BannerTest -->
